2017-10-25 10:56:58,330 - gtiffload - INFO -                                                                
2017-10-25 10:56:58,331 - gtiffload - INFO - ***************************************************************
2017-10-25 10:56:58,331 - gtiffload - INFO -
2017-10-25 10:56:58,331 - gtiffload - INFO - 					New run
2017-10-25 10:56:58,331 - gtiffload - INFO -
2017-10-25 10:56:58,331 - gtiffload - INFO - ***************************************************************
2017-10-25 10:56:58,356 - gtiffload.plugin - INFO - Input Images Path: /home/ladmin/Desktop/tes/input
2017-10-25 10:56:58,356 - gtiffload.plugin - INFO - Trans Images Path: /home/ladmin/Desktop/tes/trans
2017-10-25 10:56:58,357 - gtiffload.plugin - INFO - Warped Images Path: /home/ladmin/Desktop/tes/warp
2017-10-25 10:56:58,357 - gtiffload.plugin - INFO - Refresh Interval: 10
2017-10-25 10:57:07,446 - gtiffload.plugin - INFO - Getting New Images List. It contains all images in folder:
2017-10-25 10:57:07,447 - gtiffload.plugin - INFO - /home/ladmin/Desktop/tes/input/img1.tif
2017-10-25 10:57:07,447 - gtiffload.plugin - INFO - Getting Unique Images List. It contains new images in folder:
2017-10-25 10:57:07,447 - gtiffload.plugin - INFO - Source Image is: /home/ladmin/Desktop/tes/input/img1.tif
2017-10-25 10:57:07,447 - gtiffload.plugin - INFO - Counter is: 1
2017-10-25 10:57:07,448 - gtiffload.plugin - INFO - Translated Image is: /home/ladmin/Desktop/tes/trans/trans_1.tif
2017-10-25 10:57:07,448 - gtiffload.plugin - INFO - Warped Image is: /home/ladmin/Desktop/tes/warp/rot_1.tif
2017-10-25 10:57:44,354 - gtiffload - INFO -
2017-10-25 10:57:44,354 - gtiffload - INFO - ***************************************************************
2017-10-25 10:57:44,354 - gtiffload - INFO -
2017-10-25 10:57:44,354 - gtiffload - INFO - 					New run
2017-10-25 10:57:44,354 - gtiffload - INFO -
2017-10-25 10:57:44,354 - gtiffload - INFO - ***************************************************************
2017-10-25 10:57:44,380 - gtiffload.plugin - INFO - Input Images Path: /home/ladmin/Desktop/tes/input
2017-10-25 10:57:44,380 - gtiffload.plugin - INFO - Trans Images Path: /home/ladmin/Desktop/tes/trans
2017-10-25 10:57:44,380 - gtiffload.plugin - INFO - Warped Images Path: /home/ladmin/Desktop/tes/warp
2017-10-25 10:57:44,380 - gtiffload.plugin - INFO - Refresh Interval: 10
2017-10-25 10:57:55,045 - gtiffload.plugin - INFO - Getting New Images List. It contains all images in folder:
2017-10-25 10:57:55,046 - gtiffload.plugin - INFO - /home/ladmin/Desktop/tes/input/img1.tif
2017-10-25 10:57:55,046 - gtiffload.plugin - INFO - Getting Unique Images List. It contains new images in folder:
2017-10-25 10:57:55,046 - gtiffload.plugin - INFO - Source Image is: /home/ladmin/Desktop/tes/input/img1.tif
2017-10-25 10:57:55,047 - gtiffload.plugin - INFO - Counter is: 1
2017-10-25 10:57:55,047 - gtiffload.plugin - INFO - Translated Image is: /home/ladmin/Desktop/tes/trans/trans_1.tif
2017-10-25 10:57:55,047 - gtiffload.plugin - INFO - Warped Image is: /home/ladmin/Desktop/tes/warp/rot_1.tif
2017-10-25 10:57:55,217 - gtiffload.plugin - INFO - GCP list is: [<osgeo.gdal.GCP; proxy of <Swig Object of type 'GDAL_GCP *' at 0x7fc79fe04f60> >, <osgeo.gdal.GCP; proxy of <Swig Object of type 'GDAL_GCP *' at 0x7fc79fe048a0> >, <osgeo.gdal.GCP; proxy of <Swig Object of type 'GDAL_GCP *' at 0x7fc79fe08450> >, <osgeo.gdal.GCP; proxy of <Swig Object of type 'GDAL_GCP *' at 0x7fc79fe081e0> >]
2017-10-25 10:57:55,218 - gtiffload.plugin - INFO - Opening the Raster in GDAL.
2017-10-25 10:57:55,219 - gtiffload.plugin - INFO - Translating the Raster in GDAL
2017-10-25 11:04:55,056 - gtiffload - INFO -
2017-10-25 11:04:55,056 - gtiffload - INFO - ***************************************************************
2017-10-25 11:04:55,056 - gtiffload - INFO -
2017-10-25 11:04:55,056 - gtiffload - INFO - 					New run
2017-10-25 11:04:55,056 - gtiffload - INFO -
2017-10-25 11:04:55,056 - gtiffload - INFO - ***************************************************************
2017-10-25 11:04:55,082 - gtiffload.plugin - INFO - Input Images Path: /home/ladmin/Desktop/tes/input
2017-10-25 11:04:55,082 - gtiffload.plugin - INFO - Trans Images Path: /home/ladmin/Desktop/tes/trans
2017-10-25 11:04:55,083 - gtiffload.plugin - INFO - Warped Images Path: /home/ladmin/Desktop/tes/warp
2017-10-25 11:04:55,083 - gtiffload.plugin - INFO - Refresh Interval: 10
2017-10-25 11:05:03,178 - gtiffload.plugin - INFO - Getting New Images List. It contains all images in folder:
2017-10-25 11:05:03,179 - gtiffload.plugin - INFO - /home/ladmin/Desktop/tes/input/img1.tif
2017-10-25 11:05:03,179 - gtiffload.plugin - INFO - Getting Unique Images List. It contains new images in folder:
2017-10-25 11:05:03,179 - gtiffload.plugin - INFO - Source Image is: /home/ladmin/Desktop/tes/input/img1.tif
2017-10-25 11:05:03,180 - gtiffload.plugin - INFO - Counter is: 1
2017-10-25 11:05:03,180 - gtiffload.plugin - INFO - Translated Image is: /home/ladmin/Desktop/tes/trans/trans_1.tif
2017-10-25 11:05:03,180 - gtiffload.plugin - INFO - Warped Image is: /home/ladmin/Desktop/tes/warp/rot_1.tif
2017-10-25 11:05:03,349 - gtiffload.plugin - INFO - GCP list is:  (0.00P,0.00L) -> (9.6722366E,53.5593660N,0.00)  , (640.00P,0.00L) -> (9.6718333E,53.5590744N,0.00)  , (0.00P,512.00L) -> (9.6718667E,53.5595456N,0.00)  , (640.00P,512.00L) -> (9.6714634E,53.5592540N,0.00)
2017-10-25 11:24:58,398 - __main__ - DEBUG - GCP list is:         (0.00P,0.00L) -> (9.6722366E,53.5593660N,0.00)  , (640.00P,0.00L) -> (9.6718333E,53.5590744N,0.00)  , (0.00P,512.00L) -> (9.6718667E,53.5595456N,0.00)  , (640.00P,512.00L) -> (9.6714634E,53.5592540N,0.00)

2017-10-25 11:05:03,350 - gtiffload.plugin - INFO - Opening the Raster in GDAL.
2017-10-25 11:05:03,351 - gtiffload.plugin - INFO - Translating the Raster in GDAL
2017-10-25 11:41:13,433 - gtiffload - INFO -                                                                
2017-10-25 11:41:13,434 - gtiffload - INFO - ***************************************************************
2017-10-25 11:41:13,434 - gtiffload - INFO -                                                                
2017-10-25 11:41:13,434 - gtiffload - INFO - 					New run 									
2017-10-25 11:41:13,434 - gtiffload - INFO -                                                                
2017-10-25 11:41:13,434 - gtiffload - INFO - ***************************************************************
2017-10-25 11:41:13,487 - gtiffload.plugin - INFO - Input Images Path: /home/ladmin/Desktop/tes/input
2017-10-25 11:41:13,487 - gtiffload.plugin - INFO - Trans Images Path: /home/ladmin/Desktop/tes/trans
2017-10-25 11:41:13,488 - gtiffload.plugin - INFO - Warped Images Path: /home/ladmin/Desktop/tes/warp
2017-10-25 11:41:13,488 - gtiffload.plugin - INFO - Refresh Interval: 10
2017-10-25 11:41:18,121 - gtiffload.plugin - INFO - Getting New Images List. It contains all images in folder: 
2017-10-25 11:41:18,122 - gtiffload.plugin - INFO - /home/ladmin/Desktop/tes/input/img1.tif
2017-10-25 11:41:18,122 - gtiffload.plugin - INFO - Getting Unique Images List. It contains new images in folder: 
2017-10-25 11:41:18,122 - gtiffload.plugin - INFO - Source Image is: /home/ladmin/Desktop/tes/input/img1.tif
2017-10-25 11:41:18,123 - gtiffload.plugin - INFO - Counter is: 1
2017-10-25 11:41:18,123 - gtiffload.plugin - INFO - Translated Image is: /home/ladmin/Desktop/tes/trans/trans_1.tif
2017-10-25 11:41:18,123 - gtiffload.plugin - INFO - Warped Image ihttps://khedar@bitbucket.org/khedar/geo_tiff.gits: /home/ladmin/Desktop/tes/warp/rot_1.tif
2017-10-25 11:41:18,293 - gtiffload.plugin - INFO - GCP list is:  (0.00P,0.00L) -> (9.6722366E,53.5593660N,0.00)  , (640.00P,0.00L) -> (9.6718333E,53.5590744N,0.00)  , (0.00P,512.00L) -> (9.6718667E,53.5595456N,0.00)  , (640.00P,512.00L) -> (9.6714634E,53.5592540N,0.00)  
2017-10-25 11:41:18,293 - gtiffload.plugin - INFO - Opening the Raster in GDAL.
2017-10-25 11:41:18,294 - gtiffload.plugin - INFO - Translating the Raster in GDAL
2017-10-25 11:42:21,321 - gtiffload - INFO -                                                                
2017-10-25 11:42:21,321 - gtiffload - INFO - ***************************************************************
2017-10-25 11:42:21,322 - gtiffload - INFO -                                                                
2017-10-25 11:42:21,322 - gtiffload - INFO - 					New run 									
2017-10-25 11:42:21,322 - gtiffload - INFO -                                                                
2017-10-25 11:42:21,322 - gtiffload - INFO - ***************************************************************
2017-10-25 11:42:21,350 - gtiffload.plugin - INFO - Input Images Path: /home/ladmin/Desktop/tes/input
2017-10-25 11:42:21,350 - gtiffload.plugin - INFO - Trans Images Path: /home/ladmin/Desktop/tes/trans
2017-10-25 11:42:21,350 - gtiffload.plugin - INFO - Warped Images Path: /home/ladmin/Desktop/tes/warp
2017-10-25 11:42:21,350 - gtiffload.plugin - INFO - Refresh Interval: 10
2017-10-25 11:42:28,696 - gtiffload.plugin - INFO - Getting New Images List. It contains all images in folder: 
2017-10-25 11:42:28,697 - gtiffload.plugin - INFO - /home/ladmin/Desktop/tes/input/img1.tif
2017-10-25 11:42:28,697 - gtiffload.plugin - INFO - Getting Unique Images List. It contains new images in folder: 
2017-10-25 11:42:28,698 - gtiffload.plugin - INFO - Source Image is: /home/ladmin/Desktop/tes/input/img1.tif
2017-10-25 11:42:28,698 - gtiffload.plugin - INFO - Counter is: 1
2017-10-25 11:42:28,698 - gtiffload.plugin - INFO - Translated Image is: /home/ladmin/Desktop/tes/trans/trans_1.tif
2017-10-25 11:42:28,699 - gtiffload.plugin - INFO - Warped Image is: /home/ladmin/Desktop/tes/warp/rot_1.tif
2017-10-25 11:42:28,881 - gtiffload.plugin - INFO - GCP list is:  (0.00P,0.00L) -> (9.6722366E,53.5593660N,0.00)  , (640.00P,0.00L) -> (9.6718333E,53.5590744N,0.00)  , (0.00P,512.00L) -> (9.6718667E,53.5595456N,0.00)  , (640.00P,512.00L) -> (9.6714634E,53.5592540N,0.00)  
2017-10-25 11:42:28,881 - gtiffload.plugin - INFO - Opening the Raster in GDAL.
2017-10-25 11:42:28,882 - gtiffload.plugin - INFO - Translating the Raster in GDAL
2017-10-25 11:43:10,047 - gtiffload - INFO -                                                                
2017-10-25 11:43:10,047 - gtiffload - INFO - ***************************************************************
2017-10-25 11:43:10,047 - gtiffload - INFO -                                                                
2017-10-25 11:43:10,047 - gtiffload - INFO - 					New run 									
2017-10-25 11:43:10,047 - gtiffload - INFO -                                                                
2017-10-25 11:43:10,047 - gtiffload - INFO - ***************************************************************
2017-10-25 11:43:10,073 - gtiffload.plugin - INFO - Input Images Path: /home/ladmin/Desktop/tes/input
2017-10-25 11:43:10,073 - gtiffload.plugin - INFO - Trans Images Path: /home/ladmin/Desktop/tes/trans
2017-10-25 11:43:10,073 - gtiffload.plugin - INFO - Warped Images Path: /home/ladmin/Desktop/tes/warp
2017-10-25 11:43:10,073 - gtiffload.plugin - INFO - Refresh Interval: 10
2017-10-25 11:43:18,345 - gtiffload.plugin - INFO - Getting New Images List. It contains all images in folder: 
2017-10-25 11:43:18,346 - gtiffload.plugin - INFO - /home/ladmin/Desktop/tes/input/img1.tif
2017-10-25 11:43:18,346 - gtiffload.plugin - INFO - Getting Unique Images List. It contains new images in folder: 
2017-10-25 11:43:18,346 - gtiffload.plugin - INFO - Source Image is: /home/ladmin/Desktop/tes/input/img1.tif
2017-10-25 11:43:18,347 - gtiffload.plugin - INFO - Counter is: 1
2017-10-25 11:43:18,347 - gtiffload.plugin - INFO - Translated Image is: /home/ladmin/Desktop/tes/trans/trans_1.tif
2017-10-25 11:43:18,347 - gtiffload.plugin - INFO - Warped Image is: /home/ladmin/Desktop/tes/warp/rot_1.tif
2017-10-25 11:43:18,523 - gtiffload.plugin - INFO - GCP list is:  (0.00P,0.00L) -> (9.6722366E,53.5593660N,0.00)  , (640.00P,0.00L) -> (9.6718333E,53.5590744N,0.00)  , (0.00P,512.00L) -> (9.6718667E,53.5595456N,0.00)  , (640.00P,512.00L) -> (9.6714634E,53.5592540N,0.00)  
2017-10-25 11:43:18,523 - gtiffload.plugin - INFO - Opening the Raster in GDAL.
2017-10-25 11:43:18,524 - gtiffload.plugin - INFO - Translating the Raster in GDAL
2017-10-25 11:47:16,638 - gtiffload - INFO -                                                                
2017-10-25 11:47:16,639 - gtiffload - INFO - ***************************************************************
2017-10-25 11:47:16,639 - gtiffload - INFO -                                                                
2017-10-25 11:47:16,639 - gtiffload - INFO - 					New run 									
2017-10-25 11:47:16,639 - gtiffload - INFO -                                                                
2017-10-25 11:47:16,639 - gtiffload - INFO - ***************************************************************
2017-10-25 11:47:16,664 - gtiffload.plugin - INFO - Input Images Path: /home/ladmin/Desktop/tes/input
2017-10-25 11:47:16,665 - gtiffload.plugin - INFO - Trans Images Path: /home/ladmin/Desktop/tes/trans
2017-10-25 11:47:16,665 - gtiffload.plugin - INFO - Warped Images Path: /home/ladmin/Desktop/tes/warp
2017-10-25 11:47:16,665 - gtiffload.plugin - INFO - Refresh Interval: 10
2017-10-25 11:47:22,071 - gtiffload.plugin - INFO - GDAL version is: 1.10.1
2017-10-25 11:47:22,072 - gtiffload.plugin - INFO - Getting New Images List. It contains all images in folder: 
2017-10-25 11:47:22,072 - gtiffload.plugin - INFO - /home/ladmin/Desktop/tes/input/img1.tif
2017-10-25 11:47:22,072 - gtiffload.plugin - INFO - Getting Unique Images List. It contains new images in folder: 
2017-10-25 11:47:22,073 - gtiffload.plugin - INFO - Source Image is: /home/ladmin/Desktop/tes/input/img1.tif
2017-10-25 11:47:22,073 - gtiffload.plugin - INFO - Counter is: 1
2017-10-25 11:47:22,073 - gtiffload.plugin - INFO - Translated Image is: /home/ladmin/Desktop/tes/trans/trans_1.tif
2017-10-25 11:47:22,073 - gtiffload.plugin - INFO - Warped Image is: /home/ladmin/Desktop/tes/warp/rot_1.tif
2017-10-25 11:47:22,245 - gtiffload.plugin - INFO - GCP list is:  (0.00P,0.00L) -> (9.6722366E,53.5593660N,0.00)  , (640.00P,0.00L) -> (9.6718333E,53.5590744N,0.00)  , (0.00P,512.00L) -> (9.6718667E,53.5595456N,0.00)  , (640.00P,512.00L) -> (9.6714634E,53.5592540N,0.00)  
2017-10-25 11:47:22,246 - gtiffload.plugin - INFO - Opening the Raster in GDAL.
2017-10-25 11:47:22,247 - gtiffload.plugin - INFO - Translating the Raster in GDAL
2017-11-07 14:13:31,603 - gtiffload - INFO -                                                                
2017-11-07 14:13:31,603 - gtiffload - INFO - ***************************************************************
2017-11-07 14:13:31,603 - gtiffload - INFO -                                                                
2017-11-07 14:13:31,603 - gtiffload - INFO - 					New run 									
2017-11-07 14:13:31,603 - gtiffload - INFO -                                                                
2017-11-07 14:13:31,603 - gtiffload - INFO - ***************************************************************
2017-11-07 14:13:44,942 - gtiffload - INFO -                                                                
2017-11-07 14:13:44,943 - gtiffload - INFO - ***************************************************************
2017-11-07 14:13:44,943 - gtiffload - INFO -                                                                
2017-11-07 14:13:44,943 - gtiffload - INFO - 					New run 									
2017-11-07 14:13:44,943 - gtiffload - INFO -                                                                
2017-11-07 14:13:44,943 - gtiffload - INFO - ***************************************************************
2017-11-07 14:13:44,950 - gtiffload - INFO -                                                                
2017-11-07 14:13:44,950 - gtiffload - INFO - ***************************************************************
2017-11-07 14:13:44,950 - gtiffload - INFO -                                                                
2017-11-07 14:13:44,950 - gtiffload - INFO - 					New run 									
2017-11-07 14:13:44,950 - gtiffload - INFO -                                                                
2017-11-07 14:13:44,950 - gtiffload - INFO - ***************************************************************
2017-11-07 14:19:31,690 - gtiffload - INFO -                                                                
2017-11-07 14:19:31,690 - gtiffload - INFO - ***************************************************************
2017-11-07 14:19:31,690 - gtiffload - INFO -                                                                
2017-11-07 14:19:31,690 - gtiffload - INFO - 					New run 									
2017-11-07 14:19:31,690 - gtiffload - INFO -                                                                
2017-11-07 14:19:31,690 - gtiffload - INFO - ***************************************************************
2017-11-07 14:19:31,748 - gtiffload.plugin - INFO - Input Images Path: /home/ladmin/Desktop/tes/input
2017-11-07 14:19:31,749 - gtiffload.plugin - INFO - Trans Images Path: /home/ladmin/Desktop/tes/trans
2017-11-07 14:19:31,749 - gtiffload.plugin - INFO - Warped Images Path: /home/ladmin/Desktop/tes/warp
2017-11-07 14:19:31,749 - gtiffload.plugin - INFO - Refresh Interval: 10
2017-11-07 14:19:45,945 - gtiffload.plugin - INFO - GDAL version is: 2.1.3
2017-11-07 14:19:45,945 - gtiffload.plugin - INFO - Getting New Images List. It contains all images in folder: 
2017-11-07 14:19:45,948 - gtiffload.plugin - INFO - /home/ladmin/Desktop/tes/input/img1.tif
2017-11-07 14:19:45,948 - gtiffload.plugin - INFO - Getting Unique Images List. It contains new images in folder: 
2017-11-07 14:19:53,063 - gtiffload.plugin - INFO - GDAL version is: 2.1.3
2017-11-07 14:19:53,063 - gtiffload.plugin - INFO - Getting New Images List. It contains all images in folder: 
2017-11-07 14:19:53,063 - gtiffload.plugin - INFO - /home/ladmin/Desktop/tes/input/img1.tif
2017-11-07 14:19:53,064 - gtiffload.plugin - INFO - Getting Unique Images List. It contains new images in folder: 
2017-11-07 14:19:57,264 - gtiffload.plugin - INFO - Removing the images.
2017-11-07 14:19:57,264 - gtiffload.plugin - INFO - Number of Raster Layers to remove are: 1
2017-11-07 14:20:03,065 - gtiffload.plugin - INFO - GDAL version is: 2.1.3
2017-11-07 14:20:03,065 - gtiffload.plugin - INFO - Getting New Images List. It contains all images in folder: 
2017-11-07 14:20:03,065 - gtiffload.plugin - INFO - /home/ladmin/Desktop/tes/input/img1.tif
2017-11-07 14:20:03,065 - gtiffload.plugin - INFO - Getting Unique Images List. It contains new images in folder: 
2017-11-07 14:20:07,167 - gtiffload.plugin - INFO - Removing the images.
2017-11-07 14:20:07,168 - gtiffload.plugin - INFO - Number of Raster Layers to remove are: 1
2017-11-07 14:20:13,571 - gtiffload.plugin - INFO - GDAL version is: 2.1.3
2017-11-07 14:20:13,572 - gtiffload.plugin - INFO - Getting New Images List. It contains all images in folder: 
2017-11-07 14:20:13,572 - gtiffload.plugin - INFO - /home/ladmin/Desktop/tes/input/img1.tif
2017-11-07 14:20:13,572 - gtiffload.plugin - INFO - Getting Unique Images List. It contains new images in folder: 
2017-11-07 14:20:24,010 - gtiffload.plugin - INFO - GDAL version is: 2.1.3
2017-11-07 14:20:24,010 - gtiffload.plugin - INFO - Getting New Images List. It contains all images in folder: 
2017-11-07 14:20:24,010 - gtiffload.plugin - INFO - /home/ladmin/Desktop/tes/input/img1.tif
2017-11-07 14:20:24,010 - gtiffload.plugin - INFO - Getting Unique Images List. It contains new images in folder: 
2017-11-07 14:20:34,011 - gtiffload.plugin - INFO - GDAL version is: 2.1.3
2017-11-07 14:20:34,011 - gtiffload.plugin - INFO - Getting New Images List. It contains all images in folder: 
2017-11-07 14:20:34,011 - gtiffload.plugin - INFO - /home/ladmin/Desktop/tes/input/img1.tif
2017-11-07 14:20:34,012 - gtiffload.plugin - INFO - Getting Unique Images List. It contains new images in folder: 
2017-11-07 14:20:44,012 - gtiffload.plugin - INFO - GDAL version is: 2.1.3
2017-11-07 14:20:44,012 - gtiffload.plugin - INFO - Getting New Images List. It contains all images in folder: 
2017-11-07 14:20:44,013 - gtiffload.plugin - INFO - /home/ladmin/Desktop/tes/input/img1.tif
2017-11-07 14:20:44,013 - gtiffload.plugin - INFO - Getting Unique Images List. It contains new images in folder: 
2017-11-07 14:20:54,013 - gtiffload.plugin - INFO - GDAL version is: 2.1.3
2017-11-07 14:20:54,014 - gtiffload.plugin - INFO - Getting New Images List. It contains all images in folder: 
2017-11-07 14:20:54,014 - gtiffload.plugin - INFO - /home/ladmin/Desktop/tes/input/img1.tif
2017-11-07 14:20:54,014 - gtiffload.plugin - INFO - Getting Unique Images List. It contains new images in folder: 
2017-11-07 14:21:04,015 - gtiffload.plugin - INFO - GDAL version is: 2.1.3
2017-11-07 14:21:04,015 - gtiffload.plugin - INFO - Getting New Images List. It contains all images in folder: 
2017-11-07 14:21:04,015 - gtiffload.plugin - INFO - /home/ladmin/Desktop/tes/input/img1.tif
2017-11-07 14:21:04,015 - gtiffload.plugin - INFO - Getting Unique Images List. It contains new images in folder: 
2017-11-07 14:21:14,016 - gtiffload.plugin - INFO - GDAL version is: 2.1.3
2017-11-07 14:21:14,016 - gtiffload.plugin - INFO - Getting New Images List. It contains all images in folder: 
2017-11-07 14:21:14,016 - gtiffload.plugin - INFO - /home/ladmin/Desktop/tes/input/img1.tif
2017-11-07 14:21:14,016 - gtiffload.plugin - INFO - Getting Unique Images List. It contains new images in folder: 
2017-11-07 14:21:24,017 - gtiffload.plugin - INFO - GDAL version is: 2.1.3
2017-11-07 14:21:24,017 - gtiffload.plugin - INFO - Getting New Images List. It contains all images in folder: 
2017-11-07 14:21:24,017 - gtiffload.plugin - INFO - /home/ladmin/Desktop/tes/input/img1.tif
2017-11-07 14:21:24,018 - gtiffload.plugin - INFO - Getting Unique Images List. It contains new images in folder: 
2017-11-07 14:21:34,018 - gtiffload.plugin - INFO - GDAL version is: 2.1.3
2017-11-07 14:21:34,018 - gtiffload.plugin - INFO - Getting New Images List. It contains all images in folder: 
2017-11-07 14:21:34,019 - gtiffload.plugin - INFO - /home/ladmin/Desktop/tes/input/img1.tif
2017-11-07 14:21:34,019 - gtiffload.plugin - INFO - Getting Unique Images List. It contains new images in folder: 
2017-11-07 14:21:44,019 - gtiffload.plugin - INFO - GDAL version is: 2.1.3
2017-11-07 14:21:44,020 - gtiffload.plugin - INFO - Getting New Images List. It contains all images in folder: 
2017-11-07 14:21:44,020 - gtiffload.plugin - INFO - /home/ladmin/Desktop/tes/input/img1.tif
2017-11-07 14:21:44,020 - gtiffload.plugin - INFO - Getting Unique Images List. It contains new images in folder: 
2017-11-07 14:21:54,021 - gtiffload.plugin - INFO - GDAL version is: 2.1.3
2017-11-07 14:21:54,021 - gtiffload.plugin - INFO - Getting New Images List. It contains all images in folder: 
2017-11-07 14:21:54,021 - gtiffload.plugin - INFO - /home/ladmin/Desktop/tes/input/img1.tif
2017-11-07 14:21:54,021 - gtiffload.plugin - INFO - Getting Unique Images List. It contains new images in folder: 
2017-11-07 14:22:04,022 - gtiffload.plugin - INFO - GDAL version is: 2.1.3
2017-11-07 14:22:04,022 - gtiffload.plugin - INFO - Getting New Images List. It contains all images in folder: 
2017-11-07 14:22:04,022 - gtiffload.plugin - INFO - /home/ladmin/Desktop/tes/input/img1.tif
2017-11-07 14:22:04,022 - gtiffload.plugin - INFO - Getting Unique Images List. It contains new images in folder: 
2017-11-07 14:22:14,023 - gtiffload.plugin - INFO - GDAL version is: 2.1.3
2017-11-07 14:22:14,023 - gtiffload.plugin - INFO - Getting New Images List. It contains all images in folder: 
2017-11-07 14:22:14,023 - gtiffload.plugin - INFO - /home/ladmin/Desktop/tes/input/img1.tif
2017-11-07 14:22:14,023 - gtiffload.plugin - INFO - Getting Unique Images List. It contains new images in folder: 
2017-11-07 14:22:24,024 - gtiffload.plugin - INFO - GDAL version is: 2.1.3
2017-11-07 14:22:24,024 - gtiffload.plugin - INFO - Getting New Images List. It contains all images in folder: 
2017-11-07 14:22:24,024 - gtiffload.plugin - INFO - /home/ladmin/Desktop/tes/input/img1.tif
2017-11-07 14:22:24,024 - gtiffload.plugin - INFO - Getting Unique Images List. It contains new images in folder: 
2017-11-07 14:22:34,025 - gtiffload.plugin - INFO - GDAL version is: 2.1.3
2017-11-07 14:22:34,025 - gtiffload.plugin - INFO - Getting New Images List. It contains all images in folder: 
2017-11-07 14:22:34,025 - gtiffload.plugin - INFO - /home/ladmin/Desktop/tes/input/img1.tif
2017-11-07 14:22:34,025 - gtiffload.plugin - INFO - Getting Unique Images List. It contains new images in folder: 
2017-11-07 14:22:44,026 - gtiffload.plugin - INFO - GDAL version is: 2.1.3
2017-11-07 14:22:44,026 - gtiffload.plugin - INFO - Getting New Images List. It contains all images in folder: 
2017-11-07 14:22:44,026 - gtiffload.plugin - INFO - /home/ladmin/Desktop/tes/input/img1.tif
2017-11-07 14:22:44,027 - gtiffload.plugin - INFO - Getting Unique Images List. It contains new images in folder: 
2017-11-07 14:22:54,027 - gtiffload.plugin - INFO - GDAL version is: 2.1.3
2017-11-07 14:22:54,027 - gtiffload.plugin - INFO - Getting New Images List. It contains all images in folder: 
2017-11-07 14:22:54,028 - gtiffload.plugin - INFO - /home/ladmin/Desktop/tes/input/img1.tif
2017-11-07 14:22:54,028 - gtiffload.plugin - INFO - Getting Unique Images List. It contains new images in folder: 
2017-11-07 14:23:04,028 - gtiffload.plugin - INFO - GDAL version is: 2.1.3
2017-11-07 14:23:04,029 - gtiffload.plugin - INFO - Getting New Images List. It contains all images in folder: 
2017-11-07 14:23:04,029 - gtiffload.plugin - INFO - /home/ladmin/Desktop/tes/input/img1.tif
2017-11-07 14:23:04,029 - gtiffload.plugin - INFO - Getting Unique Images List. It contains new images in folder: 
2017-11-07 14:23:14,030 - gtiffload.plugin - INFO - GDAL version is: 2.1.3
2017-11-07 14:23:14,030 - gtiffload.plugin - INFO - Getting New Images List. It contains all images in folder: 
2017-11-07 14:23:14,030 - gtiffload.plugin - INFO - /home/ladmin/Desktop/tes/input/img1.tif
2017-11-07 14:23:14,030 - gtiffload.plugin - INFO - Getting Unique Images List. It contains new images in folder: 
2017-11-07 14:23:24,031 - gtiffload.plugin - INFO - GDAL version is: 2.1.3
2017-11-07 14:23:24,031 - gtiffload.plugin - INFO - Getting New Images List. It contains all images in folder: 
2017-11-07 14:23:24,031 - gtiffload.plugin - INFO - /home/ladmin/Desktop/tes/input/img1.tif
2017-11-07 14:23:24,031 - gtiffload.plugin - INFO - Getting Unique Images List. It contains new images in folder: 
2017-11-07 14:23:34,032 - gtiffload.plugin - INFO - GDAL version is: 2.1.3
2017-11-07 14:23:34,032 - gtiffload.plugin - INFO - Getting New Images List. It contains all images in folder: 
2017-11-07 14:23:34,032 - gtiffload.plugin - INFO - /home/ladmin/Desktop/tes/input/img1.tif
2017-11-07 14:23:34,032 - gtiffload.plugin - INFO - Getting Unique Images List. It contains new images in folder: 
2017-11-07 14:23:44,033 - gtiffload.plugin - INFO - GDAL version is: 2.1.3
2017-11-07 14:23:44,033 - gtiffload.plugin - INFO - Getting New Images List. It contains all images in folder: 
2017-11-07 14:23:44,033 - gtiffload.plugin - INFO - /home/ladmin/Desktop/tes/input/img1.tif
2017-11-07 14:23:44,033 - gtiffload.plugin - INFO - Getting Unique Images List. It contains new images in folder: 
2017-11-07 14:23:54,034 - gtiffload.plugin - INFO - GDAL version is: 2.1.3
2017-11-07 14:23:54,035 - gtiffload.plugin - INFO - Getting New Images List. It contains all images in folder: 
2017-11-07 14:23:54,035 - gtiffload.plugin - INFO - /home/ladmin/Desktop/tes/input/img1.tif
2017-11-07 14:23:54,035 - gtiffload.plugin - INFO - Getting Unique Images List. It contains new images in folder: 
2017-11-07 14:24:04,036 - gtiffload.plugin - INFO - GDAL version is: 2.1.3
2017-11-07 14:24:04,036 - gtiffload.plugin - INFO - Getting New Images List. It contains all images in folder: 
2017-11-07 14:24:04,036 - gtiffload.plugin - INFO - /home/ladmin/Desktop/tes/input/img1.tif
2017-11-07 14:24:04,036 - gtiffload.plugin - INFO - Getting Unique Images List. It contains new images in folder: 
2017-11-07 14:24:14,037 - gtiffload.plugin - INFO - GDAL version is: 2.1.3
2017-11-07 14:24:14,037 - gtiffload.plugin - INFO - Getting New Images List. It contains all images in folder: 
2017-11-07 14:24:14,037 - gtiffload.plugin - INFO - /home/ladmin/Desktop/tes/input/img1.tif
2017-11-07 14:24:14,038 - gtiffload.plugin - INFO - Getting Unique Images List. It contains new images in folder: 
2017-11-07 14:24:24,039 - gtiffload.plugin - INFO - GDAL version is: 2.1.3
2017-11-07 14:24:24,039 - gtiffload.plugin - INFO - Getting New Images List. It contains all images in folder: 
2017-11-07 14:24:24,039 - gtiffload.plugin - INFO - /home/ladmin/Desktop/tes/input/img1.tif
2017-11-07 14:24:24,039 - gtiffload.plugin - INFO - Getting Unique Images List. It contains new images in folder: 
2017-11-07 14:24:34,040 - gtiffload.plugin - INFO - GDAL version is: 2.1.3
2017-11-07 14:24:34,040 - gtiffload.plugin - INFO - Getting New Images List. It contains all images in folder: 
2017-11-07 14:24:34,040 - gtiffload.plugin - INFO - /home/ladmin/Desktop/tes/input/img1.tif
2017-11-07 14:24:34,040 - gtiffload.plugin - INFO - Getting Unique Images List. It contains new images in folder: 
2017-11-07 14:24:44,041 - gtiffload.plugin - INFO - GDAL version is: 2.1.3
2017-11-07 14:24:44,042 - gtiffload.plugin - INFO - Getting New Images List. It contains all images in folder: 
2017-11-07 14:24:44,042 - gtiffload.plugin - INFO - /home/ladmin/Desktop/tes/input/img1.tif
2017-11-07 14:24:44,042 - gtiffload.plugin - INFO - Getting Unique Images List. It contains new images in folder: 
2017-11-07 14:24:54,042 - gtiffload.plugin - INFO - GDAL version is: 2.1.3
2017-11-07 14:24:54,043 - gtiffload.plugin - INFO - Getting New Images List. It contains all images in folder: 
2017-11-07 14:24:54,043 - gtiffload.plugin - INFO - /home/ladmin/Desktop/tes/input/img1.tif
2017-11-07 14:24:54,043 - gtiffload.plugin - INFO - Getting Unique Images List. It contains new images in folder: 
2017-11-07 14:25:04,044 - gtiffload.plugin - INFO - GDAL version is: 2.1.3
2017-11-07 14:25:04,044 - gtiffload.plugin - INFO - Getting New Images List. It contains all images in folder: 
2017-11-07 14:25:04,044 - gtiffload.plugin - INFO - /home/ladmin/Desktop/tes/input/img1.tif
2017-11-07 14:25:04,044 - gtiffload.plugin - INFO - Getting Unique Images List. It contains new images in folder: 
2017-11-07 14:25:14,045 - gtiffload.plugin - INFO - GDAL version is: 2.1.3
2017-11-07 14:25:14,045 - gtiffload.plugin - INFO - Getting New Images List. It contains all images in folder: 
2017-11-07 14:25:14,045 - gtiffload.plugin - INFO - /home/ladmin/Desktop/tes/input/img1.tif
2017-11-07 14:25:14,045 - gtiffload.plugin - INFO - Getting Unique Images List. It contains new images in folder: 
2017-11-07 14:25:24,046 - gtiffload.plugin - INFO - GDAL version is: 2.1.3
2017-11-07 14:25:24,046 - gtiffload.plugin - INFO - Getting New Images List. It contains all images in folder: 
2017-11-07 14:25:24,046 - gtiffload.plugin - INFO - /home/ladmin/Desktop/tes/input/img1.tif
2017-11-07 14:25:24,046 - gtiffload.plugin - INFO - Getting Unique Images List. It contains new images in folder: 
2017-11-07 14:25:34,047 - gtiffload.plugin - INFO - GDAL version is: 2.1.3
2017-11-07 14:25:34,047 - gtiffload.plugin - INFO - Getting New Images List. It contains all images in folder: 
2017-11-07 14:25:34,047 - gtiffload.plugin - INFO - /home/ladmin/Desktop/tes/input/img1.tif
2017-11-07 14:25:34,047 - gtiffload.plugin - INFO - Getting Unique Images List. It contains new images in folder: 
2017-11-07 14:25:44,048 - gtiffload.plugin - INFO - GDAL version is: 2.1.3
2017-11-07 14:25:44,048 - gtiffload.plugin - INFO - Getting New Images List. It contains all images in folder: 
2017-11-07 14:25:44,048 - gtiffload.plugin - INFO - /home/ladmin/Desktop/tes/input/img1.tif
2017-11-07 14:25:44,048 - gtiffload.plugin - INFO - Getting Unique Images List. It contains new images in folder: 
2017-11-07 14:25:54,049 - gtiffload.plugin - INFO - GDAL version is: 2.1.3
2017-11-07 14:25:54,049 - gtiffload.plugin - INFO - Getting New Images List. It contains all images in folder: 
2017-11-07 14:25:54,049 - gtiffload.plugin - INFO - /home/ladmin/Desktop/tes/input/img1.tif
2017-11-07 14:25:54,050 - gtiffload.plugin - INFO - Getting Unique Images List. It contains new images in folder: 
2017-11-07 14:26:04,050 - gtiffload.plugin - INFO - GDAL version is: 2.1.3
2017-11-07 14:26:04,050 - gtiffload.plugin - INFO - Getting New Images List. It contains all images in folder: 
2017-11-07 14:26:04,051 - gtiffload.plugin - INFO - /home/ladmin/Desktop/tes/input/img1.tif
2017-11-07 14:26:04,051 - gtiffload.plugin - INFO - Getting Unique Images List. It contains new images in folder: 
2017-11-07 14:26:14,051 - gtiffload.plugin - INFO - GDAL version is: 2.1.3
2017-11-07 14:26:14,052 - gtiffload.plugin - INFO - Getting New Images List. It contains all images in folder: 
2017-11-07 14:26:14,052 - gtiffload.plugin - INFO - /home/ladmin/Desktop/tes/input/img1.tif
2017-11-07 14:26:14,052 - gtiffload.plugin - INFO - Getting Unique Images List. It contains new images in folder: 
2017-11-07 14:26:24,053 - gtiffload.plugin - INFO - GDAL version is: 2.1.3
2017-11-07 14:26:24,053 - gtiffload.plugin - INFO - Getting New Images List. It contains all images in folder: 
2017-11-07 14:26:24,053 - gtiffload.plugin - INFO - /home/ladmin/Desktop/tes/input/img1.tif
2017-11-07 14:26:24,053 - gtiffload.plugin - INFO - Getting Unique Images List. It contains new images in folder: 
2017-11-07 14:26:34,054 - gtiffload.plugin - INFO - GDAL version is: 2.1.3
2017-11-07 14:26:34,054 - gtiffload.plugin - INFO - Getting New Images List. It contains all images in folder: 
2017-11-07 14:26:34,054 - gtiffload.plugin - INFO - /home/ladmin/Desktop/tes/input/img1.tif
2017-11-07 14:26:34,054 - gtiffload.plugin - INFO - Getting Unique Images List. It contains new images in folder: 
2017-11-07 14:26:44,055 - gtiffload.plugin - INFO - GDAL version is: 2.1.3
2017-11-07 14:26:44,055 - gtiffload.plugin - INFO - Getting New Images List. It contains all images in folder: 
2017-11-07 14:26:44,055 - gtiffload.plugin - INFO - /home/ladmin/Desktop/tes/input/img1.tif
2017-11-07 14:26:44,055 - gtiffload.plugin - INFO - Getting Unique Images List. It contains new images in folder: 
2017-11-07 14:26:54,056 - gtiffload.plugin - INFO - GDAL version is: 2.1.3
2017-11-07 14:26:54,056 - gtiffload.plugin - INFO - Getting New Images List. It contains all images in folder: 
2017-11-07 14:26:54,056 - gtiffload.plugin - INFO - /home/ladmin/Desktop/tes/input/img1.tif
2017-11-07 14:26:54,056 - gtiffload.plugin - INFO - Getting Unique Images List. It contains new images in folder: 
2017-11-07 14:27:04,057 - gtiffload.plugin - INFO - GDAL version is: 2.1.3
2017-11-07 14:27:04,057 - gtiffload.plugin - INFO - Getting New Images List. It contains all images in folder: 
2017-11-07 14:27:04,057 - gtiffload.plugin - INFO - /home/ladmin/Desktop/tes/input/img1.tif
2017-11-07 14:27:04,057 - gtiffload.plugin - INFO - Getting Unique Images List. It contains new images in folder: 
2017-11-07 14:27:14,058 - gtiffload.plugin - INFO - GDAL version is: 2.1.3
2017-11-07 14:27:14,058 - gtiffload.plugin - INFO - Getting New Images List. It contains all images in folder: 
2017-11-07 14:27:14,059 - gtiffload.plugin - INFO - /home/ladmin/Desktop/tes/input/img1.tif
2017-11-07 14:27:14,059 - gtiffload.plugin - INFO - Getting Unique Images List. It contains new images in folder: 
2017-11-07 14:27:18,603 - gtiffload.plugin - INFO - Removing the images.
2017-11-07 14:27:18,603 - gtiffload.plugin - INFO - Number of Raster Layers to remove are: 0
